app/build/outputs/logs/manifest-merger-debug-report.txt
-- Merging decision tree log ---
manifest
ADDED from LibGDXKotlin/app/AndroidManifest.xml:2:1-32:12
	package
		ADDED from LibGDXKotlin/app/AndroidManifest.xml:4:11-44
		INJECTED from LibGDXKotlin/app/AndroidManifest.xml
		INJECTED from LibGDXKotlin/app/AndroidManifest.xml
	android:versionName
		INJECTED from LibGDXKotlin/app/AndroidManifest.xml
		INJECTED from LibGDXKotlin/app/AndroidManifest.xml
	xmlns:tools
		ADDED from LibGDXKotlin/app/AndroidManifest.xml:3:11-57
	xmlns:android
		ADDED from LibGDXKotlin/app/AndroidManifest.xml:2:11-69
	android:versionCode
		INJECTED from LibGDXKotlin/app/AndroidManifest.xml
		INJECTED from LibGDXKotlin/app/AndroidManifest.xml
application
ADDED from LibGDXKotlin/app/AndroidManifest.xml:6:5-30:19
MERGED from [com.android.support:design:25.2.0] AndroidManifest.xml:25:5-20
MERGED from [com.android.support:appcompat-v7:25.2.0] AndroidManifest.xml:25:5-20
MERGED from [com.android.support:animated-vector-drawable:25.2.0] AndroidManifest.xml:22:5-20
MERGED from [com.android.support:support-vector-drawable:25.2.0] AndroidManifest.xml:23:5-20
MERGED from [com.android.support:transition:25.2.0] AndroidManifest.xml:22:5-20
MERGED from [com.android.support:support-v4:25.2.0] AndroidManifest.xml:25:5-20
MERGED from [com.android.support:support-fragment:25.2.0] AndroidManifest.xml:25:5-20
MERGED from [com.android.support:support-media-compat:25.2.0] AndroidManifest.xml:25:5-20
MERGED from [com.android.support:support-core-ui:25.2.0] AndroidManifest.xml:25:5-20
MERGED from [com.android.support:support-core-utils:25.2.0] AndroidManifest.xml:25:5-20
MERGED from [com.android.support:support-compat:25.2.0] AndroidManifest.xml:25:5-20
	android:label
		ADDED from LibGDXKotlin/app/AndroidManifest.xml:9:9-41
	android:supportsRtl
		ADDED from LibGDXKotlin/app/AndroidManifest.xml:10:9-35
	android:allowBackup
		ADDED from LibGDXKotlin/app/AndroidManifest.xml:7:9-35
	android:icon
		ADDED from LibGDXKotlin/app/AndroidManifest.xml:8:9-43
	android:theme
		ADDED from LibGDXKotlin/app/AndroidManifest.xml:11:9-40
activity#com.ggaier.libgdxkotlin.HomeActivity
ADDED from LibGDXKotlin/app/AndroidManifest.xml:14:9-23:20
	android:screenOrientation
		ADDED from LibGDXKotlin/app/AndroidManifest.xml:16:13-49
	android:theme
		ADDED from LibGDXKotlin/app/AndroidManifest.xml:17:13-57
	android:name
		ADDED from LibGDXKotlin/app/AndroidManifest.xml:15:13-41
intent-filter#android.intent.action.MAIN+android.intent.category.LAUNCHER
ADDED from LibGDXKotlin/app/AndroidManifest.xml:18:13-22:29
action#android.intent.action.MAIN
ADDED from LibGDXKotlin/app/AndroidManifest.xml:19:17-68
	android:name
		ADDED from LibGDXKotlin/app/AndroidManifest.xml:19:25-66
category#android.intent.category.LAUNCHER
ADDED from LibGDXKotlin/app/AndroidManifest.xml:21:17-76
	android:name
		ADDED from LibGDXKotlin/app/AndroidManifest.xml:21:27-74
activity#com.ggaier.libgdxkotlin.AndroidLauncher
ADDED from LibGDXKotlin/app/AndroidManifest.xml:25:9-29:20
	android:screenOrientation
		ADDED from LibGDXKotlin/app/AndroidManifest.xml:28:13-50
	android:configChanges
		ADDED from LibGDXKotlin/app/AndroidManifest.xml:27:13-83
	android:name
		ADDED from LibGDXKotlin/app/AndroidManifest.xml:26:13-67
uses-sdk
INJECTED from LibGDXKotlin/app/AndroidManifest.xml reason: use-sdk injection requested
MERGED from [com.android.support:design:25.2.0] AndroidManifest.xml:21:5-23:62
MERGED from [com.android.support:appcompat-v7:25.2.0] AndroidManifest.xml:21:5-23:78
MERGED from [com.android.support:animated-vector-drawable:25.2.0] AndroidManifest.xml:20:5-44
MERGED from [com.android.support:support-vector-drawable:25.2.0] AndroidManifest.xml:21:5-43
MERGED from [com.android.support:recyclerview-v7:25.2.0] AndroidManifest.xml:20:5-43
MERGED from [com.android.support:transition:25.2.0] AndroidManifest.xml:20:5-44
MERGED from [com.android.support:support-v4:25.2.0] AndroidManifest.xml:21:5-23:54
MERGED from [com.android.support:support-fragment:25.2.0] AndroidManifest.xml:21:5-23:60
MERGED from [com.android.support:support-media-compat:25.2.0] AndroidManifest.xml:21:5-23:63
MERGED from [com.android.support:support-core-ui:25.2.0] AndroidManifest.xml:21:5-23:58
MERGED from [com.android.support:support-core-utils:25.2.0] AndroidManifest.xml:21:5-23:61
MERGED from [com.android.support:support-compat:25.2.0] AndroidManifest.xml:21:5-23:58
	tools:overrideLibrary
		ADDED from [com.android.support:design:25.2.0] AndroidManifest.xml:23:9-59
	android:targetSdkVersion
		INJECTED from LibGDXKotlin/app/AndroidManifest.xml
		INJECTED from LibGDXKotlin/app/AndroidManifest.xml
	android:minSdkVersion
		INJECTED from LibGDXKotlin/app/AndroidManifest.xml
		INJECTED from LibGDXKotlin/app/AndroidManifest.xml